# Logfile created on 2011-04-06 21:32:21 -0600 by logger.rb/25413

time: 2011-04-06 21:32:21 -0600
fortmux load craig execute=true log=true

time: 2011-04-06 21:32:21 -0600
load /home/craig/.fortmux/craig.yaml

time: 2011-04-06 21:32:21 -0600
=== /home/craig/.fortmux/craig.yamlmsessions:
  - name: craig
    windows:
      - name: FortMux
        commands:
          - cd /home/craig/dev/tmux_gems
          - vim
        panes:
          - options: -d -v -p 15
            commands:
            - cd /home/craig/dev/tmux_gems
          - options: -d -h -l 36
            commands:
            - cd /home/craig/dev/tmux_gems
      - name: Ec2
        commands:
          - cd /home/craig/dev/Ec2InitProjects
          - vim
        panes:
          - options: -d -v -p 15
            commands:
            - cd /home/craig/dev/Ec2InitProjects
          - options: -d -h -l 36
            commands:
            - cd /home/craig/dev/Ec2InitProject


=== yml
{"sessions"=>
  [{"name"=>"craig",
    "windows"=>
     [{"name"=>"FortMux",
       "commands"=>["cd /home/craig/dev/tmux_gems", "vim"],
       "panes"=>
        [{"options"=>"-d -v -p 15",
          "commands"=>["cd /home/craig/dev/tmux_gems"]},
         {"options"=>"-d -h -l 36",
          "commands"=>["cd /home/craig/dev/tmux_gems"]}]},
      {"name"=>"Ec2",
       "commands"=>["cd /home/craig/dev/Ec2InitProjects", "vim"],
       "panes"=>
        [{"options"=>"-d -v -p 15",
          "commands"=>["cd /home/craig/dev/Ec2InitProjects"]},
         {"options"=>"-d -h -l 36",
          "commands"=>["cd /home/craig/dev/Ec2InitProject"]}]}]}]}


time: 2011-04-08 22:15:02 -0600
fortmux load craig execute=true log=true

time: 2011-04-08 22:15:02 -0600
load /home/craig/.fortmux/craig.yaml

time: 2011-04-08 22:15:02 -0600
=== /home/craig/.fortmux/craig.yaml
sessions:
  - name: craig
    windows:
      - name: FortMux
        commands:
          - cd /home/craig/dev/tmux_gems
          - vim
        panes:
          - options: -d -v -p 15
            commands:
            - cd /home/craig/dev/tmux_gems
          - options: -d -h -l 36
            commands:
            - cd /home/craig/dev/tmux_gems
      - name: Ec2
        commands:
          - cd /home/craig/dev/Ec2InitProjects
          - vim
        panes:
          - options: -d -v -p 15
            commands:
            - cd /home/craig/dev/Ec2InitProjects
          - options: -d -h -l 36
            commands:
            - cd /home/craig/dev/Ec2InitProject


=== yml
{"sessions"=>
  [{"name"=>"craig",
    "windows"=>
     [{"name"=>"FortMux",
       "commands"=>["cd /home/craig/dev/tmux_gems", "vim"],
       "panes"=>
        [{"options"=>"-d -v -p 15",
          "commands"=>["cd /home/craig/dev/tmux_gems"]},
         {"options"=>"-d -h -l 36",
          "commands"=>["cd /home/craig/dev/tmux_gems"]}]},
      {"name"=>"Ec2",
       "commands"=>["cd /home/craig/dev/Ec2InitProjects", "vim"],
       "panes"=>
        [{"options"=>"-d -v -p 15",
          "commands"=>["cd /home/craig/dev/Ec2InitProjects"]},
         {"options"=>"-d -h -l 36",
          "commands"=>["cd /home/craig/dev/Ec2InitProject"]}]}]}]}


time: 2011-04-09 09:42:47 -0600
fortmux load craig execute=true log=true

time: 2011-04-09 09:42:47 -0600
load /home/craig/.fortmux/craig.yaml

time: 2011-04-09 09:42:48 -0600
=== /home/craig/.fortmux/craig.yaml
sessions:
  - name: craig
    windows:
      - name: FortMux
        commands:
          - cd /home/craig/dev/tmux_gems
          - vim
        panes:
          - options: -d -v -p 15
            commands:
            - cd /home/craig/dev/tmux_gems
          - options: -d -h -l 36
            commands:
            - cd /home/craig/dev/tmux_gems
      - name: Ec2
        commands:
          - cd /home/craig/dev/Ec2InitProjects
          - vim
        panes:
          - options: -d -v -p 15
            commands:
            - cd /home/craig/dev/Ec2InitProjects
          - options: -d -h -l 36
            commands:
            - cd /home/craig/dev/Ec2InitProject


=== yml
{"sessions"=>
  [{"name"=>"craig",
    "windows"=>
     [{"name"=>"FortMux",
       "commands"=>["cd /home/craig/dev/tmux_gems", "vim"],
       "panes"=>
        [{"options"=>"-d -v -p 15",
          "commands"=>["cd /home/craig/dev/tmux_gems"]},
         {"options"=>"-d -h -l 36",
          "commands"=>["cd /home/craig/dev/tmux_gems"]}]},
      {"name"=>"Ec2",
       "commands"=>["cd /home/craig/dev/Ec2InitProjects", "vim"],
       "panes"=>
        [{"options"=>"-d -v -p 15",
          "commands"=>["cd /home/craig/dev/Ec2InitProjects"]},
         {"options"=>"-d -h -l 36",
          "commands"=>["cd /home/craig/dev/Ec2InitProject"]}]}]}]}


time: 2011-04-09 09:44:39 -0600
fortmux load craig execute=true log=true

time: 2011-04-09 09:44:39 -0600
load /home/craig/.fortmux/craig.yaml

time: 2011-04-09 09:44:39 -0600
=== /home/craig/.fortmux/craig.yaml
sessions:
  - name: craig
    windows:
      - name: FortMux
        commands:
          - cd /home/craig/dev/tmux_gems
          - vim
        panes:
          - options: -d -v -p 15
            commands:
            - cd /home/craig/dev/tmux_gems
          - options: -d -h -l 36
            commands:
            - cd /home/craig/dev/tmux_gems
      - name: Ec2
        commands:
          - cd /home/craig/dev/Ec2InitProjects
          - vim
        panes:
          - options: -d -v -p 15
            commands:
            - cd /home/craig/dev/Ec2InitProjects
          - options: -d -h -l 36
            commands:
            - cd /home/craig/dev/Ec2InitProject


=== yml
{"sessions"=>
  [{"name"=>"craig",
    "windows"=>
     [{"name"=>"FortMux",
       "commands"=>["cd /home/craig/dev/tmux_gems", "vim"],
       "panes"=>
        [{"options"=>"-d -v -p 15",
          "commands"=>["cd /home/craig/dev/tmux_gems"]},
         {"options"=>"-d -h -l 36",
          "commands"=>["cd /home/craig/dev/tmux_gems"]}]},
      {"name"=>"Ec2",
       "commands"=>["cd /home/craig/dev/Ec2InitProjects", "vim"],
       "panes"=>
        [{"options"=>"-d -v -p 15",
          "commands"=>["cd /home/craig/dev/Ec2InitProjects"]},
         {"options"=>"-d -h -l 36",
          "commands"=>["cd /home/craig/dev/Ec2InitProject"]}]}]}]}


time: 2011-04-09 09:50:22 -0600
fortmux load craig execute=true log=true

time: 2011-04-09 09:50:22 -0600
load /home/craig/.fortmux/craig.yaml

time: 2011-04-09 09:50:22 -0600
=== /home/craig/.fortmux/craig.yaml
sessions:
  - name: craig
    windows:
      - name: FortMux
        commands:
          - cd /home/craig/dev/tmux_gems
          - vim
        panes:
          - options: -d -v -p 15
            commands:
            - cd /home/craig/dev/tmux_gems
          - options: -d -h -l 36
            commands:
            - cd /home/craig/dev/tmux_gems
      - name: Ec2
        commands:
          - cd /home/craig/dev/Ec2InitProjects
          - vim
        panes:
          - options: -d -v -p 15
            commands:
            - cd /home/craig/dev/Ec2InitProjects
          - options: -d -h -l 36
            commands:
            - cd /home/craig/dev/Ec2InitProject


=== yml
{"sessions"=>
  [{"name"=>"craig",
    "windows"=>
     [{"name"=>"FortMux",
       "commands"=>["cd /home/craig/dev/tmux_gems", "vim"],
       "panes"=>
        [{"options"=>"-d -v -p 15",
          "commands"=>["cd /home/craig/dev/tmux_gems"]},
         {"options"=>"-d -h -l 36",
          "commands"=>["cd /home/craig/dev/tmux_gems"]}]},
      {"name"=>"Ec2",
       "commands"=>["cd /home/craig/dev/Ec2InitProjects", "vim"],
       "panes"=>
        [{"options"=>"-d -v -p 15",
          "commands"=>["cd /home/craig/dev/Ec2InitProjects"]},
         {"options"=>"-d -h -l 36",
          "commands"=>["cd /home/craig/dev/Ec2InitProject"]}]}]}]}


time: 2011-04-09 09:52:31 -0600
fortmux load craig execute=true log=true

time: 2011-04-09 09:52:31 -0600
load /home/craig/.fortmux/craig.yaml

time: 2011-04-09 09:52:31 -0600
=== /home/craig/.fortmux/craig.yaml
sessions:
  - name: craig
    windows:
      - name: FortMux
        commands:
          - cd /home/craig/dev/tmux_gems
          - vim
        panes:
          - options: -d -v -p 15
            commands:
            - cd /home/craig/dev/tmux_gems
          - options: -d -h -l 36
            commands:
            - cd /home/craig/dev/tmux_gems
      - name: Ec2
        commands:
          - cd /home/craig/dev/Ec2InitProjects
          - vim
        panes:
          - options: -d -v -p 15
            commands:
            - cd /home/craig/dev/Ec2InitProjects
          - options: -d -h -l 36
            commands:
            - cd /home/craig/dev/Ec2InitProject


=== yml
{"sessions"=>
  [{"name"=>"craig",
    "windows"=>
     [{"name"=>"FortMux",
       "commands"=>["cd /home/craig/dev/tmux_gems", "vim"],
       "panes"=>
        [{"options"=>"-d -v -p 15",
          "commands"=>["cd /home/craig/dev/tmux_gems"]},
         {"options"=>"-d -h -l 36",
          "commands"=>["cd /home/craig/dev/tmux_gems"]}]},
      {"name"=>"Ec2",
       "commands"=>["cd /home/craig/dev/Ec2InitProjects", "vim"],
       "panes"=>
        [{"options"=>"-d -v -p 15",
          "commands"=>["cd /home/craig/dev/Ec2InitProjects"]},
         {"options"=>"-d -h -l 36",
          "commands"=>["cd /home/craig/dev/Ec2InitProject"]}]}]}]}


time: 2011-04-09 09:55:39 -0600
fortmux load craig execute=true log=true

time: 2011-04-09 09:55:39 -0600
load /home/craig/.fortmux/craig.yaml

time: 2011-04-09 09:55:39 -0600
=== /home/craig/.fortmux/craig.yaml
sessions:
  - name: craig
    windows:
      - name: FortMux
        commands:
          - cd /home/craig/dev/tmux_gems
          - vim
        panes:
          - options: -d -v -p 15
            commands:
            - cd /home/craig/dev/tmux_gems
          - options: -d -h -l 36
            commands:
            - cd /home/craig/dev/tmux_gems
      - name: Ec2
        commands:
          - cd /home/craig/dev/Ec2InitProjects
          - vim
        panes:
          - options: -d -v -p 15
            commands:
            - cd /home/craig/dev/Ec2InitProjects
          - options: -d -h -l 36
            commands:
            - cd /home/craig/dev/Ec2InitProject


=== yml
{"sessions"=>
  [{"name"=>"craig",
    "windows"=>
     [{"name"=>"FortMux",
       "commands"=>["cd /home/craig/dev/tmux_gems", "vim"],
       "panes"=>
        [{"options"=>"-d -v -p 15",
          "commands"=>["cd /home/craig/dev/tmux_gems"]},
         {"options"=>"-d -h -l 36",
          "commands"=>["cd /home/craig/dev/tmux_gems"]}]},
      {"name"=>"Ec2",
       "commands"=>["cd /home/craig/dev/Ec2InitProjects", "vim"],
       "panes"=>
        [{"options"=>"-d -v -p 15",
          "commands"=>["cd /home/craig/dev/Ec2InitProjects"]},
         {"options"=>"-d -h -l 36",
          "commands"=>["cd /home/craig/dev/Ec2InitProject"]}]}]}]}


time: 2011-04-09 09:57:12 -0600
fortmux load craig execute=true log=true

time: 2011-04-09 09:57:12 -0600
load /home/craig/.fortmux/craig.yaml

time: 2011-04-09 09:57:12 -0600
=== /home/craig/.fortmux/craig.yaml
sessions:
  - name: craig
    windows:
      - name: FortMux
        commands:
          - cd /home/craig/dev/tmux_gems
          - vim
        panes:
          - options: -d -v -p 15
            commands:
            - cd /home/craig/dev/tmux_gems
          - options: -d -h -l 36
            commands:
            - cd /home/craig/dev/tmux_gems
      - name: Ec2
        commands:
          - cd /home/craig/dev/Ec2InitProjects
          - vim
        panes:
          - options: -d -v -p 15
            commands:
            - cd /home/craig/dev/Ec2InitProjects
          - options: -d -h -l 36
            commands:
            - cd /home/craig/dev/Ec2InitProject


=== yml
{"sessions"=>
  [{"name"=>"craig",
    "windows"=>
     [{"name"=>"FortMux",
       "commands"=>["cd /home/craig/dev/tmux_gems", "vim"],
       "panes"=>
        [{"options"=>"-d -v -p 15",
          "commands"=>["cd /home/craig/dev/tmux_gems"]},
         {"options"=>"-d -h -l 36",
          "commands"=>["cd /home/craig/dev/tmux_gems"]}]},
      {"name"=>"Ec2",
       "commands"=>["cd /home/craig/dev/Ec2InitProjects", "vim"],
       "panes"=>
        [{"options"=>"-d -v -p 15",
          "commands"=>["cd /home/craig/dev/Ec2InitProjects"]},
         {"options"=>"-d -h -l 36",
          "commands"=>["cd /home/craig/dev/Ec2InitProject"]}]}]}]}


time: 2011-04-09 10:32:07 -0600
fortmux load craig execute=true log=true

time: 2011-04-09 10:32:07 -0600
load /home/craig/.fortmux/craig.yaml

time: 2011-04-09 10:32:07 -0600
=== /home/craig/.fortmux/craig.yaml
sessions:
  - name: craig
    windows:
      - name: FortMux
        commands:
          - cd /home/craig/dev/tmux_gems
          - vim
        panes:
          - options: -d -v -p 15
            commands:
            - cd /home/craig/dev/tmux_gems
          - options: -d -h -l 36
            commands:
            - cd /home/craig/dev/tmux_gems
      - name: Ec2
        commands:
          - cd /home/craig/dev/Ec2InitProjects
          - vim
        panes:
          - options: -d -v -p 15
            commands:
            - cd /home/craig/dev/Ec2InitProjects
          - options: -d -h -l 36
            commands:
            - cd /home/craig/dev/Ec2InitProject


=== yml
{"sessions"=>
  [{"name"=>"craig",
    "windows"=>
     [{"name"=>"FortMux",
       "commands"=>["cd /home/craig/dev/tmux_gems", "vim"],
       "panes"=>
        [{"options"=>"-d -v -p 15",
          "commands"=>["cd /home/craig/dev/tmux_gems"]},
         {"options"=>"-d -h -l 36",
          "commands"=>["cd /home/craig/dev/tmux_gems"]}]},
      {"name"=>"Ec2",
       "commands"=>["cd /home/craig/dev/Ec2InitProjects", "vim"],
       "panes"=>
        [{"options"=>"-d -v -p 15",
          "commands"=>["cd /home/craig/dev/Ec2InitProjects"]},
         {"options"=>"-d -h -l 36",
          "commands"=>["cd /home/craig/dev/Ec2InitProject"]}]}]}]}


time: 2011-04-09 10:40:22 -0600
fortmux load craig execute=true log=true

time: 2011-04-09 10:40:22 -0600
load /home/craig/.fortmux/craig.yaml

time: 2011-04-09 10:40:22 -0600
=== /home/craig/.fortmux/craig.yaml
sessions:
  - name: craig
    windows:
      - name: FortMux
        commands:
          - cd /home/craig/dev/tmux_gems
          - vim
        panes:
          - options: -d -v -p 15
            commands:
            - cd /home/craig/dev/tmux_gems
          - options: -d -h -l 36
            commands:
            - cd /home/craig/dev/tmux_gems
      - name: Ec2
        commands:
          - cd /home/craig/dev/Ec2InitProjects
          - vim
        panes:
          - options: -d -v -p 15
            commands:
            - cd /home/craig/dev/Ec2InitProjects
          - options: -d -h -l 36
            commands:
            - cd /home/craig/dev/Ec2InitProject


=== yml
{"sessions"=>
  [{"name"=>"craig",
    "windows"=>
     [{"name"=>"FortMux",
       "commands"=>["cd /home/craig/dev/tmux_gems", "vim"],
       "panes"=>
        [{"options"=>"-d -v -p 15",
          "commands"=>["cd /home/craig/dev/tmux_gems"]},
         {"options"=>"-d -h -l 36",
          "commands"=>["cd /home/craig/dev/tmux_gems"]}]},
      {"name"=>"Ec2",
       "commands"=>["cd /home/craig/dev/Ec2InitProjects", "vim"],
       "panes"=>
        [{"options"=>"-d -v -p 15",
          "commands"=>["cd /home/craig/dev/Ec2InitProjects"]},
         {"options"=>"-d -h -l 36",
          "commands"=>["cd /home/craig/dev/Ec2InitProject"]}]}]}]}


time: 2011-04-11 13:38:10 -0600
fortmux load craig execute=true log=true

time: 2011-04-11 13:38:11 -0600
load /home/craig/.fortmux/craig.yaml

time: 2011-04-11 13:38:11 -0600
=== /home/craig/.fortmux/craig.yaml
sessions:
  - name: craig
    windows:
      - name: FortMux
        commands:
          - cd /home/craig/dev/tmux_gems
          - vim
        panes:
          - options: -d -v -p 15
            commands:
            - cd /home/craig/dev/tmux_gems
          - options: -d -h -l 36
            commands:
            - cd /home/craig/dev/tmux_gems
      - name: Ec2
        commands:
          - cd /home/craig/dev/Ec2InitProjects
          - vim
        panes:
          - options: -d -v -p 15
            commands:
            - cd /home/craig/dev/Ec2InitProjects
          - options: -d -h -l 36
            commands:
            - cd /home/craig/dev/Ec2InitProject


=== yml
{"sessions"=>
  [{"name"=>"craig",
    "windows"=>
     [{"name"=>"FortMux",
       "commands"=>["cd /home/craig/dev/tmux_gems", "vim"],
       "panes"=>
        [{"options"=>"-d -v -p 15",
          "commands"=>["cd /home/craig/dev/tmux_gems"]},
         {"options"=>"-d -h -l 36",
          "commands"=>["cd /home/craig/dev/tmux_gems"]}]},
      {"name"=>"Ec2",
       "commands"=>["cd /home/craig/dev/Ec2InitProjects", "vim"],
       "panes"=>
        [{"options"=>"-d -v -p 15",
          "commands"=>["cd /home/craig/dev/Ec2InitProjects"]},
         {"options"=>"-d -h -l 36",
          "commands"=>["cd /home/craig/dev/Ec2InitProject"]}]}]}]}


time: 2011-04-11 14:00:25 -0600
fortmux load craig execute=true log=true

time: 2011-04-11 14:00:25 -0600
load /home/craig/.fortmux/craig.yaml

time: 2011-04-11 14:00:25 -0600
=== /home/craig/.fortmux/craig.yaml
sessions:
  - name: craig
    windows:
      - name: FortMux
        commands:
          - cd /home/craig/dev/tmux_gems
          - vim
        panes:
          - options: -d -v -p 15
            commands:
            - cd /home/craig/dev/tmux_gems
          - options: -d -h -l 36
            commands:
            - cd /home/craig/dev/tmux_gems
      - name: Ec2
        commands:
          - cd /home/craig/dev/Ec2InitProjects
          - vim
        panes:
          - options: -d -v -p 15
            commands:
            - cd /home/craig/dev/Ec2InitProjects
          - options: -d -h -l 36
            commands:
            - cd /home/craig/dev/Ec2InitProject


=== yml
{"sessions"=>
  [{"name"=>"craig",
    "windows"=>
     [{"name"=>"FortMux",
       "commands"=>["cd /home/craig/dev/tmux_gems", "vim"],
       "panes"=>
        [{"options"=>"-d -v -p 15",
          "commands"=>["cd /home/craig/dev/tmux_gems"]},
         {"options"=>"-d -h -l 36",
          "commands"=>["cd /home/craig/dev/tmux_gems"]}]},
      {"name"=>"Ec2",
       "commands"=>["cd /home/craig/dev/Ec2InitProjects", "vim"],
       "panes"=>
        [{"options"=>"-d -v -p 15",
          "commands"=>["cd /home/craig/dev/Ec2InitProjects"]},
         {"options"=>"-d -h -l 36",
          "commands"=>["cd /home/craig/dev/Ec2InitProject"]}]}]}]}

